[ERROR][main][11 Jul 2016 22:33:23,554][org.smartframework.jobhub.client.ClientProtocolClient:25] Fail to obtain client at try 0: java.net.ConnectException: Connection refused
org.apache.thrift.transport.TTransportException: java.net.ConnectException: Connection refused
	at org.apache.thrift.transport.TSocket.open(TSocket.java:226)
	at org.smartframework.jobhub.client.ClientProtocolClient.newClient(ClientProtocolClient.java:20)
	at org.smartframework.jobhub.client.JobClient.submit(JobClient.java:237)
	at org.smartframework.jobhub.client.JobClient.submitSync(JobClient.java:264)
	at org.smartframework.jobhub.client.JobClient.main(JobClient.java:305)
Caused by: java.net.ConnectException: Connection refused
	at java.net.PlainSocketImpl.socketConnect(Native Method)
	at java.net.AbstractPlainSocketImpl.doConnect(AbstractPlainSocketImpl.java:345)
	at java.net.AbstractPlainSocketImpl.connectToAddress(AbstractPlainSocketImpl.java:206)
	at java.net.AbstractPlainSocketImpl.connect(AbstractPlainSocketImpl.java:188)
	at java.net.SocksSocketImpl.connect(SocksSocketImpl.java:392)
	at java.net.Socket.connect(Socket.java:589)
	at org.apache.thrift.transport.TSocket.open(TSocket.java:221)
	... 4 more
[ERROR][main][11 Jul 2016 22:33:23,559][org.smartframework.jobhub.client.ClientProtocolClient:25] Fail to obtain client at try 1: java.net.ConnectException: Connection refused
org.apache.thrift.transport.TTransportException: java.net.ConnectException: Connection refused
	at org.apache.thrift.transport.TSocket.open(TSocket.java:226)
	at org.smartframework.jobhub.client.ClientProtocolClient.newClient(ClientProtocolClient.java:20)
	at org.smartframework.jobhub.client.JobClient.submit(JobClient.java:237)
	at org.smartframework.jobhub.client.JobClient.submitSync(JobClient.java:264)
	at org.smartframework.jobhub.client.JobClient.main(JobClient.java:305)
Caused by: java.net.ConnectException: Connection refused
	at java.net.PlainSocketImpl.socketConnect(Native Method)
	at java.net.AbstractPlainSocketImpl.doConnect(AbstractPlainSocketImpl.java:345)
	at java.net.AbstractPlainSocketImpl.connectToAddress(AbstractPlainSocketImpl.java:206)
	at java.net.AbstractPlainSocketImpl.connect(AbstractPlainSocketImpl.java:188)
	at java.net.SocksSocketImpl.connect(SocksSocketImpl.java:392)
	at java.net.Socket.connect(Socket.java:589)
	at org.apache.thrift.transport.TSocket.open(TSocket.java:221)
	... 4 more
[ERROR][main][11 Jul 2016 22:33:23,560][org.smartframework.jobhub.client.ClientProtocolClient:25] Fail to obtain client at try 2: java.net.ConnectException: Connection refused
org.apache.thrift.transport.TTransportException: java.net.ConnectException: Connection refused
	at org.apache.thrift.transport.TSocket.open(TSocket.java:226)
	at org.smartframework.jobhub.client.ClientProtocolClient.newClient(ClientProtocolClient.java:20)
	at org.smartframework.jobhub.client.JobClient.submit(JobClient.java:237)
	at org.smartframework.jobhub.client.JobClient.submitSync(JobClient.java:264)
	at org.smartframework.jobhub.client.JobClient.main(JobClient.java:305)
Caused by: java.net.ConnectException: Connection refused
	at java.net.PlainSocketImpl.socketConnect(Native Method)
	at java.net.AbstractPlainSocketImpl.doConnect(AbstractPlainSocketImpl.java:345)
	at java.net.AbstractPlainSocketImpl.connectToAddress(AbstractPlainSocketImpl.java:206)
	at java.net.AbstractPlainSocketImpl.connect(AbstractPlainSocketImpl.java:188)
	at java.net.SocksSocketImpl.connect(SocksSocketImpl.java:392)
	at java.net.Socket.connect(Socket.java:589)
	at org.apache.thrift.transport.TSocket.open(TSocket.java:221)
	... 4 more
[ERROR][main][11 Jul 2016 22:34:19,284][org.smartframework.jobhub.client.JobClient:256] Can't read jar file: target/dependency-jars/zookeeper-3.4.6.jar, wrong file name?
org.smartframework.jobhub.core.JobException: Can't read jar file: target/dependency-jars/zookeeper-3.4.6.jar, wrong file name?
	at org.smartframework.jobhub.client.JobClient.checkFiles(JobClient.java:196)
	at org.smartframework.jobhub.client.JobClient.submit(JobClient.java:245)
	at org.smartframework.jobhub.client.JobClient.submitSync(JobClient.java:264)
	at org.smartframework.jobhub.client.JobClient.main(JobClient.java:305)
[DEBUG][main][11 Jul 2016 22:37:05,313][io.netty.util.internal.logging.InternalLoggerFactory:46] Using Log4J as the default logging framework
[DEBUG][main][11 Jul 2016 22:37:05,326][io.netty.util.internal.PlatformDependent0:71] java.nio.Buffer.address: available
[DEBUG][main][11 Jul 2016 22:37:05,327][io.netty.util.internal.PlatformDependent0:79] sun.misc.Unsafe.theUnsafe: available
[DEBUG][main][11 Jul 2016 22:37:05,327][io.netty.util.internal.PlatformDependent0:88] sun.misc.Unsafe.copyMemory: available
[DEBUG][main][11 Jul 2016 22:37:05,328][io.netty.util.internal.PlatformDependent0:129] java.nio.Bits.unaligned: true
[DEBUG][main][11 Jul 2016 22:37:05,330][io.netty.util.internal.PlatformDependent:676] Java version: 8
[DEBUG][main][11 Jul 2016 22:37:05,331][io.netty.util.internal.PlatformDependent:683] -Dio.netty.noUnsafe: false
[DEBUG][main][11 Jul 2016 22:37:05,331][io.netty.util.internal.PlatformDependent:710] sun.misc.Unsafe: available
[DEBUG][main][11 Jul 2016 22:37:05,332][io.netty.util.internal.PlatformDependent:793] -Dio.netty.noJavassist: false
[DEBUG][main][11 Jul 2016 22:37:05,334][io.netty.util.internal.PlatformDependent:806] Javassist: unavailable
[DEBUG][main][11 Jul 2016 22:37:05,335][io.netty.util.internal.PlatformDependent:807] You don't have Javassist in your class path or you don't have enough permission to load dynamically generated classes.  Please check the configuration for better performance.
[DEBUG][main][11 Jul 2016 22:37:05,335][io.netty.util.internal.PlatformDependent:825] -Dio.netty.tmpdir: /var/folders/2g/w_n_qv857fv5_9syq32bm8g00000gn/T (java.io.tmpdir)
[DEBUG][main][11 Jul 2016 22:37:05,335][io.netty.util.internal.PlatformDependent:904] -Dio.netty.bitMode: 64 (sun.arch.data.model)
[DEBUG][main][11 Jul 2016 22:37:05,335][io.netty.util.internal.PlatformDependent:94] -Dio.netty.noPreferDirect: false
[DEBUG][main][11 Jul 2016 22:37:05,350][io.netty.buffer.AbstractByteBuf:48] -Dio.netty.buffer.bytebuf.checkAccessible: true
[DEBUG][main][11 Jul 2016 22:37:05,354][io.netty.util.ResourceLeakDetector:106] -Dio.netty.leakDetection.level: simple
[DEBUG][main][11 Jul 2016 22:37:05,355][io.netty.util.ResourceLeakDetector:107] -Dio.netty.leakDetection.maxRecords: 4
[DEBUG][main][11 Jul 2016 22:37:05,371][io.netty.channel.MultithreadEventLoopGroup:41] -Dio.netty.eventLoopThreads: 8
[DEBUG][main][11 Jul 2016 22:37:05,417][io.netty.channel.nio.NioEventLoop:97] -Dio.netty.noKeySetOptimization: false
[DEBUG][main][11 Jul 2016 22:37:05,418][io.netty.channel.nio.NioEventLoop:98] -Dio.netty.selectorAutoRebuildThreshold: 512
[DEBUG][main][11 Jul 2016 22:37:05,492][io.netty.util.internal.ThreadLocalRandom:169] -Dio.netty.initialSeedUniquifier: 0x19c4c5f3b211306e (took 7 ms)
[DEBUG][main][11 Jul 2016 22:37:05,535][io.netty.buffer.ByteBufUtil:70] -Dio.netty.allocator.type: unpooled
[DEBUG][main][11 Jul 2016 22:37:05,535][io.netty.buffer.ByteBufUtil:82] -Dio.netty.threadLocalDirectBufferSize: 65536
[DEBUG][main][11 Jul 2016 22:37:05,535][io.netty.buffer.ByteBufUtil:85] -Dio.netty.maxThreadLocalCharBufferSize: 16384
[DEBUG][nioEventLoopGroup-2-1][11 Jul 2016 22:37:05,615][org.smartframework.jobhub.client.UploadClientHandler:62] Sending header length: 33
[DEBUG][nioEventLoopGroup-2-1][11 Jul 2016 22:37:05,620][io.netty.util.Recycler:62] -Dio.netty.recycler.maxCapacity.default: 262144
[DEBUG][nioEventLoopGroup-2-1][11 Jul 2016 22:37:05,629][io.netty.util.internal.Cleaner0:52] java.nio.ByteBuffer.cleaner(): available
[INFO][nioEventLoopGroup-2-1][11 Jul 2016 22:37:05,646][org.smartframework.jobhub.client.UploadClientHandler:76] file bytes written:263965
[INFO][main][11 Jul 2016 22:37:05,719][org.smartframework.jobhub.client.UploadClient:56] status:true reply:upload successfully, located at: /Users/Miller/Work/Workspace/JobHub/upload/2/commons-codec-1.9.jar
[DEBUG][nioEventLoopGroup-3-1][11 Jul 2016 22:37:05,723][org.smartframework.jobhub.client.UploadClientHandler:62] Sending header length: 28
[INFO][nioEventLoopGroup-3-1][11 Jul 2016 22:37:05,746][org.smartframework.jobhub.client.UploadClientHandler:76] file bytes written:329383
[INFO][main][11 Jul 2016 22:37:05,749][org.smartframework.jobhub.client.UploadClient:56] status:true reply:upload successfully, located at: /Users/Miller/Work/Workspace/JobHub/upload/2/jobhub-1.0.0.jar
[DEBUG][nioEventLoopGroup-4-1][11 Jul 2016 22:37:05,752][org.smartframework.jobhub.client.UploadClientHandler:62] Sending header length: 22
[INFO][nioEventLoopGroup-4-1][11 Jul 2016 22:37:05,753][org.smartframework.jobhub.client.UploadClientHandler:76] file bytes written:20381
[INFO][main][11 Jul 2016 22:37:05,756][org.smartframework.jobhub.client.UploadClient:56] status:true reply:upload successfully, located at: /Users/Miller/Work/Workspace/JobHub/upload/2/jobhub.log
[ERROR][main][11 Jul 2016 22:37:05,794][org.smartframework.jobhub.client.JobClient:256] Missing files:  log/jobhub.log, please make sure it was uploaded successfully.
org.smartframework.jobhub.core.JobException: Missing files:  log/jobhub.log, please make sure it was uploaded successfully.
	at org.smartframework.jobhub.client.JobClient.submit(JobClient.java:253)
	at org.smartframework.jobhub.client.JobClient.submitSync(JobClient.java:264)
	at org.smartframework.jobhub.client.JobClient.main(JobClient.java:305)
[DEBUG][main][11 Jul 2016 22:41:10,182][io.netty.util.internal.logging.InternalLoggerFactory:46] Using Log4J as the default logging framework
[DEBUG][main][11 Jul 2016 22:41:10,196][io.netty.util.internal.PlatformDependent0:71] java.nio.Buffer.address: available
[DEBUG][main][11 Jul 2016 22:41:10,197][io.netty.util.internal.PlatformDependent0:79] sun.misc.Unsafe.theUnsafe: available
[DEBUG][main][11 Jul 2016 22:41:10,197][io.netty.util.internal.PlatformDependent0:88] sun.misc.Unsafe.copyMemory: available
[DEBUG][main][11 Jul 2016 22:41:10,199][io.netty.util.internal.PlatformDependent0:129] java.nio.Bits.unaligned: true
[DEBUG][main][11 Jul 2016 22:41:10,202][io.netty.util.internal.PlatformDependent:676] Java version: 8
[DEBUG][main][11 Jul 2016 22:41:10,202][io.netty.util.internal.PlatformDependent:683] -Dio.netty.noUnsafe: false
[DEBUG][main][11 Jul 2016 22:41:10,203][io.netty.util.internal.PlatformDependent:710] sun.misc.Unsafe: available
[DEBUG][main][11 Jul 2016 22:41:10,204][io.netty.util.internal.PlatformDependent:793] -Dio.netty.noJavassist: false
[DEBUG][main][11 Jul 2016 22:41:10,205][io.netty.util.internal.PlatformDependent:806] Javassist: unavailable
[DEBUG][main][11 Jul 2016 22:41:10,206][io.netty.util.internal.PlatformDependent:807] You don't have Javassist in your class path or you don't have enough permission to load dynamically generated classes.  Please check the configuration for better performance.
[DEBUG][main][11 Jul 2016 22:41:10,206][io.netty.util.internal.PlatformDependent:825] -Dio.netty.tmpdir: /var/folders/2g/w_n_qv857fv5_9syq32bm8g00000gn/T (java.io.tmpdir)
[DEBUG][main][11 Jul 2016 22:41:10,206][io.netty.util.internal.PlatformDependent:904] -Dio.netty.bitMode: 64 (sun.arch.data.model)
[DEBUG][main][11 Jul 2016 22:41:10,207][io.netty.util.internal.PlatformDependent:94] -Dio.netty.noPreferDirect: false
[DEBUG][main][11 Jul 2016 22:41:10,220][io.netty.buffer.AbstractByteBuf:48] -Dio.netty.buffer.bytebuf.checkAccessible: true
[DEBUG][main][11 Jul 2016 22:41:10,222][io.netty.util.ResourceLeakDetector:106] -Dio.netty.leakDetection.level: simple
[DEBUG][main][11 Jul 2016 22:41:10,222][io.netty.util.ResourceLeakDetector:107] -Dio.netty.leakDetection.maxRecords: 4
[DEBUG][main][11 Jul 2016 22:41:10,228][io.netty.channel.MultithreadEventLoopGroup:41] -Dio.netty.eventLoopThreads: 8
[DEBUG][main][11 Jul 2016 22:41:10,249][io.netty.channel.nio.NioEventLoop:97] -Dio.netty.noKeySetOptimization: false
[DEBUG][main][11 Jul 2016 22:41:10,249][io.netty.channel.nio.NioEventLoop:98] -Dio.netty.selectorAutoRebuildThreshold: 512
[DEBUG][main][11 Jul 2016 22:41:10,305][io.netty.util.internal.ThreadLocalRandom:169] -Dio.netty.initialSeedUniquifier: 0xa6c7bc12b0db83b3 (took 8 ms)
[DEBUG][main][11 Jul 2016 22:41:10,328][io.netty.buffer.ByteBufUtil:70] -Dio.netty.allocator.type: unpooled
[DEBUG][main][11 Jul 2016 22:41:10,329][io.netty.buffer.ByteBufUtil:82] -Dio.netty.threadLocalDirectBufferSize: 65536
[DEBUG][main][11 Jul 2016 22:41:10,329][io.netty.buffer.ByteBufUtil:85] -Dio.netty.maxThreadLocalCharBufferSize: 16384
[DEBUG][nioEventLoopGroup-2-1][11 Jul 2016 22:41:10,398][org.smartframework.jobhub.client.UploadClientHandler:62] Sending header length: 33
[DEBUG][nioEventLoopGroup-2-1][11 Jul 2016 22:41:10,401][io.netty.util.Recycler:62] -Dio.netty.recycler.maxCapacity.default: 262144
[DEBUG][nioEventLoopGroup-2-1][11 Jul 2016 22:41:10,406][io.netty.util.internal.Cleaner0:52] java.nio.ByteBuffer.cleaner(): available
[INFO][nioEventLoopGroup-2-1][11 Jul 2016 22:41:10,420][org.smartframework.jobhub.client.UploadClientHandler:76] file bytes written:263965
[INFO][main][11 Jul 2016 22:41:10,429][org.smartframework.jobhub.client.UploadClient:56] status:true reply:upload successfully, located at: /Users/Miller/Work/Workspace/JobHub/upload/3/commons-codec-1.9.jar
[DEBUG][nioEventLoopGroup-3-1][11 Jul 2016 22:41:10,436][org.smartframework.jobhub.client.UploadClientHandler:62] Sending header length: 28
[INFO][nioEventLoopGroup-3-1][11 Jul 2016 22:41:10,455][org.smartframework.jobhub.client.UploadClientHandler:76] file bytes written:329382
[INFO][main][11 Jul 2016 22:41:10,457][org.smartframework.jobhub.client.UploadClient:56] status:true reply:upload successfully, located at: /Users/Miller/Work/Workspace/JobHub/upload/3/jobhub-1.0.0.jar
[DEBUG][nioEventLoopGroup-4-1][11 Jul 2016 22:41:10,460][org.smartframework.jobhub.client.UploadClientHandler:62] Sending header length: 22
[INFO][nioEventLoopGroup-4-1][11 Jul 2016 22:41:10,461][org.smartframework.jobhub.client.UploadClientHandler:76] file bytes written:24934
[INFO][main][11 Jul 2016 22:41:10,464][org.smartframework.jobhub.client.UploadClient:56] status:true reply:upload successfully, located at: /Users/Miller/Work/Workspace/JobHub/upload/3/jobhub.log
[INFO][main][11 Jul 2016 22:41:10,491][org.smartframework.jobhub.client.JobClient:260] Submit job to localhost@32100 successfully, returned jobid=3.
[DEBUG][main][11 Jul 2016 23:15:43,310][io.netty.util.internal.logging.InternalLoggerFactory:46] Using Log4J as the default logging framework
[DEBUG][main][11 Jul 2016 23:15:43,323][io.netty.util.internal.PlatformDependent0:71] java.nio.Buffer.address: available
[DEBUG][main][11 Jul 2016 23:15:43,323][io.netty.util.internal.PlatformDependent0:79] sun.misc.Unsafe.theUnsafe: available
[DEBUG][main][11 Jul 2016 23:15:43,324][io.netty.util.internal.PlatformDependent0:88] sun.misc.Unsafe.copyMemory: available
[DEBUG][main][11 Jul 2016 23:15:43,325][io.netty.util.internal.PlatformDependent0:129] java.nio.Bits.unaligned: true
[DEBUG][main][11 Jul 2016 23:15:43,327][io.netty.util.internal.PlatformDependent:676] Java version: 8
[DEBUG][main][11 Jul 2016 23:15:43,328][io.netty.util.internal.PlatformDependent:683] -Dio.netty.noUnsafe: false
[DEBUG][main][11 Jul 2016 23:15:43,329][io.netty.util.internal.PlatformDependent:710] sun.misc.Unsafe: available
[DEBUG][main][11 Jul 2016 23:15:43,330][io.netty.util.internal.PlatformDependent:793] -Dio.netty.noJavassist: false
[DEBUG][main][11 Jul 2016 23:15:43,331][io.netty.util.internal.PlatformDependent:806] Javassist: unavailable
[DEBUG][main][11 Jul 2016 23:15:43,332][io.netty.util.internal.PlatformDependent:807] You don't have Javassist in your class path or you don't have enough permission to load dynamically generated classes.  Please check the configuration for better performance.
[DEBUG][main][11 Jul 2016 23:15:43,332][io.netty.util.internal.PlatformDependent:825] -Dio.netty.tmpdir: /var/folders/2g/w_n_qv857fv5_9syq32bm8g00000gn/T (java.io.tmpdir)
[DEBUG][main][11 Jul 2016 23:15:43,333][io.netty.util.internal.PlatformDependent:904] -Dio.netty.bitMode: 64 (sun.arch.data.model)
[DEBUG][main][11 Jul 2016 23:15:43,333][io.netty.util.internal.PlatformDependent:94] -Dio.netty.noPreferDirect: false
[DEBUG][main][11 Jul 2016 23:15:43,342][io.netty.buffer.AbstractByteBuf:48] -Dio.netty.buffer.bytebuf.checkAccessible: true
[DEBUG][main][11 Jul 2016 23:15:43,344][io.netty.util.ResourceLeakDetector:106] -Dio.netty.leakDetection.level: simple
[DEBUG][main][11 Jul 2016 23:15:43,345][io.netty.util.ResourceLeakDetector:107] -Dio.netty.leakDetection.maxRecords: 4
[DEBUG][main][11 Jul 2016 23:15:43,352][io.netty.channel.MultithreadEventLoopGroup:41] -Dio.netty.eventLoopThreads: 8
[DEBUG][main][11 Jul 2016 23:15:43,373][io.netty.channel.nio.NioEventLoop:97] -Dio.netty.noKeySetOptimization: false
[DEBUG][main][11 Jul 2016 23:15:43,374][io.netty.channel.nio.NioEventLoop:98] -Dio.netty.selectorAutoRebuildThreshold: 512
[DEBUG][main][11 Jul 2016 23:15:43,426][io.netty.util.internal.ThreadLocalRandom:169] -Dio.netty.initialSeedUniquifier: 0x4f6dada89961ac01 (took 7 ms)
[DEBUG][main][11 Jul 2016 23:15:43,446][io.netty.buffer.ByteBufUtil:70] -Dio.netty.allocator.type: unpooled
[DEBUG][main][11 Jul 2016 23:15:43,447][io.netty.buffer.ByteBufUtil:82] -Dio.netty.threadLocalDirectBufferSize: 65536
[DEBUG][main][11 Jul 2016 23:15:43,447][io.netty.buffer.ByteBufUtil:85] -Dio.netty.maxThreadLocalCharBufferSize: 16384
[DEBUG][nioEventLoopGroup-2-1][11 Jul 2016 23:15:43,519][org.smartframework.jobhub.client.UploadClientHandler:62] Sending header length: 33
[DEBUG][nioEventLoopGroup-2-1][11 Jul 2016 23:15:43,522][io.netty.util.Recycler:62] -Dio.netty.recycler.maxCapacity.default: 262144
[DEBUG][nioEventLoopGroup-2-1][11 Jul 2016 23:15:43,527][io.netty.util.internal.Cleaner0:52] java.nio.ByteBuffer.cleaner(): available
[INFO][nioEventLoopGroup-2-1][11 Jul 2016 23:15:43,540][org.smartframework.jobhub.client.UploadClientHandler:76] file bytes written:263965
[INFO][main][11 Jul 2016 23:15:43,613][org.smartframework.jobhub.client.UploadClient:56] status:true reply:upload successfully, located at: /Users/Miller/Work/Workspace/JobHub/upload/1/commons-codec-1.9.jar
[DEBUG][nioEventLoopGroup-3-1][11 Jul 2016 23:15:43,616][org.smartframework.jobhub.client.UploadClientHandler:62] Sending header length: 28
[INFO][nioEventLoopGroup-3-1][11 Jul 2016 23:15:43,635][org.smartframework.jobhub.client.UploadClientHandler:76] file bytes written:329521
[INFO][main][11 Jul 2016 23:15:43,636][org.smartframework.jobhub.client.UploadClient:56] status:true reply:upload successfully, located at: /Users/Miller/Work/Workspace/JobHub/upload/1/jobhub-1.0.0.jar
[DEBUG][nioEventLoopGroup-4-1][11 Jul 2016 23:15:43,638][org.smartframework.jobhub.client.UploadClientHandler:62] Sending header length: 22
[INFO][nioEventLoopGroup-4-1][11 Jul 2016 23:15:43,641][org.smartframework.jobhub.client.UploadClientHandler:76] file bytes written:35185
[INFO][main][11 Jul 2016 23:15:43,643][org.smartframework.jobhub.client.UploadClient:56] status:true reply:upload successfully, located at: /Users/Miller/Work/Workspace/JobHub/upload/1/jobhub.log
[INFO][main][11 Jul 2016 23:15:43,674][org.smartframework.jobhub.client.JobClient:260] Submit job to localhost@32100 successfully, returned jobid=1.
